2024-07-15 17:25:24.480 DEBUG com.zaxxer.hikari.HikariConfig: Driver class org.postgresql.Driver found in Thread context class loader jdk.internal.loader.ClassLoaders$AppClassLoader@6f94fa3e
2024-07-15 17:25:24.491 DEBUG com.zaxxer.hikari.HikariConfig: HikariPool-1 - configuration:
2024-07-15 17:25:24.498 DEBUG com.zaxxer.hikari.HikariConfig: allowPoolSuspension.............false
2024-07-15 17:25:24.498 DEBUG com.zaxxer.hikari.HikariConfig: autoCommit......................true
2024-07-15 17:25:24.498 DEBUG com.zaxxer.hikari.HikariConfig: catalog.........................none
2024-07-15 17:25:24.499 DEBUG com.zaxxer.hikari.HikariConfig: connectionInitSql...............none
2024-07-15 17:25:24.499 DEBUG com.zaxxer.hikari.HikariConfig: connectionTestQuery.............none
2024-07-15 17:25:24.499 DEBUG com.zaxxer.hikari.HikariConfig: connectionTimeout...............30000
2024-07-15 17:25:24.499 DEBUG com.zaxxer.hikari.HikariConfig: dataSource......................none
2024-07-15 17:25:24.499 DEBUG com.zaxxer.hikari.HikariConfig: dataSourceClassName.............none
2024-07-15 17:25:24.499 DEBUG com.zaxxer.hikari.HikariConfig: dataSourceJNDI..................none
2024-07-15 17:25:24.500 DEBUG com.zaxxer.hikari.HikariConfig: dataSourceProperties............{password=<masked>}
2024-07-15 17:25:24.500 DEBUG com.zaxxer.hikari.HikariConfig: driverClassName................."org.postgresql.Driver"
2024-07-15 17:25:24.501 DEBUG com.zaxxer.hikari.HikariConfig: exceptionOverrideClassName......none
2024-07-15 17:25:24.501 DEBUG com.zaxxer.hikari.HikariConfig: healthCheckProperties...........{}
2024-07-15 17:25:24.501 DEBUG com.zaxxer.hikari.HikariConfig: healthCheckRegistry.............none
2024-07-15 17:25:24.502 DEBUG com.zaxxer.hikari.HikariConfig: idleTimeout.....................600000
2024-07-15 17:25:24.502 DEBUG com.zaxxer.hikari.HikariConfig: initializationFailTimeout.......1
2024-07-15 17:25:24.502 DEBUG com.zaxxer.hikari.HikariConfig: isolateInternalQueries..........false
2024-07-15 17:25:24.502 DEBUG com.zaxxer.hikari.HikariConfig: jdbcUrl.........................jdbc:postgresql://localhost:5432/postgres
2024-07-15 17:25:24.503 DEBUG com.zaxxer.hikari.HikariConfig: keepaliveTime...................0
2024-07-15 17:25:24.503 DEBUG com.zaxxer.hikari.HikariConfig: leakDetectionThreshold..........0
2024-07-15 17:25:24.503 DEBUG com.zaxxer.hikari.HikariConfig: maxLifetime.....................1800000
2024-07-15 17:25:24.503 DEBUG com.zaxxer.hikari.HikariConfig: maximumPoolSize.................10
2024-07-15 17:25:24.503 DEBUG com.zaxxer.hikari.HikariConfig: metricRegistry..................none
2024-07-15 17:25:24.503 DEBUG com.zaxxer.hikari.HikariConfig: metricsTrackerFactory...........none
2024-07-15 17:25:24.503 DEBUG com.zaxxer.hikari.HikariConfig: minimumIdle.....................10
2024-07-15 17:25:24.504 DEBUG com.zaxxer.hikari.HikariConfig: password........................<masked>
2024-07-15 17:25:24.504 DEBUG com.zaxxer.hikari.HikariConfig: poolName........................"HikariPool-1"
2024-07-15 17:25:24.504 DEBUG com.zaxxer.hikari.HikariConfig: readOnly........................false
2024-07-15 17:25:24.505 DEBUG com.zaxxer.hikari.HikariConfig: registerMbeans..................false
2024-07-15 17:25:24.505 DEBUG com.zaxxer.hikari.HikariConfig: scheduledExecutor...............none
2024-07-15 17:25:24.505 DEBUG com.zaxxer.hikari.HikariConfig: schema..........................none
2024-07-15 17:25:24.505 DEBUG com.zaxxer.hikari.HikariConfig: threadFactory...................internal
2024-07-15 17:25:24.505 DEBUG com.zaxxer.hikari.HikariConfig: transactionIsolation............default
2024-07-15 17:25:24.505 DEBUG com.zaxxer.hikari.HikariConfig: username........................"luckyhunter"
2024-07-15 17:25:24.506 DEBUG com.zaxxer.hikari.HikariConfig: validationTimeout...............5000
2024-07-15 17:25:24.510 INFO  com.zaxxer.hikari.HikariDataSource: HikariPool-1 - Starting...
2024-07-15 17:25:24.571 DEBUG com.zaxxer.hikari.pool.PoolBase: HikariPool-1 - Failed to create/setup connection: Подсоединение по адресу localhost:5432 отклонено. Проверьте что хост и порт указаны правильно и что postmaster принимает TCP/IP-подсоединения.
2024-07-15 17:25:24.572 DEBUG com.zaxxer.hikari.pool.HikariPool: HikariPool-1 - Cannot acquire connection from data source
org.postgresql.util.PSQLException: Подсоединение по адресу localhost:5432 отклонено. Проверьте что хост и порт указаны правильно и что postmaster принимает TCP/IP-подсоединения.
	at org.postgresql.core.v3.ConnectionFactoryImpl.openConnectionImpl(ConnectionFactoryImpl.java:346)
	at org.postgresql.core.ConnectionFactory.openConnection(ConnectionFactory.java:54)
	at org.postgresql.jdbc.PgConnection.<init>(PgConnection.java:273)
	at org.postgresql.Driver.makeConnection(Driver.java:446)
	at org.postgresql.Driver.connect(Driver.java:298)
	at com.zaxxer.hikari.util.DriverDataSource.getConnection(DriverDataSource.java:137)
	at com.zaxxer.hikari.pool.PoolBase.newConnection(PoolBase.java:360)
	at com.zaxxer.hikari.pool.PoolBase.newPoolEntry(PoolBase.java:202)
	at com.zaxxer.hikari.pool.HikariPool.createPoolEntry(HikariPool.java:461)
	at com.zaxxer.hikari.pool.HikariPool.checkFailFast(HikariPool.java:550)
	at com.zaxxer.hikari.pool.HikariPool.<init>(HikariPool.java:98)
	at com.zaxxer.hikari.HikariDataSource.<init>(HikariDataSource.java:80)
	at luckyhunter.university.util.ConnectionPool.<clinit>(ConnectionPool.java:20)
	at luckyhunter.university.repository.StudentRepository.getStudentById(StudentRepository.java:35)
	at luckyhunter.university.service.StudentService.getStudentById(StudentService.java:28)
	at luckyhunter.university.service.StudentServiceTest.getStudentById(StudentServiceTest.java:47)
	at java.base/jdk.internal.reflect.NativeMethodAccessorImpl.invoke0(Native Method)
	at java.base/jdk.internal.reflect.NativeMethodAccessorImpl.invoke(NativeMethodAccessorImpl.java:77)
	at java.base/jdk.internal.reflect.DelegatingMethodAccessorImpl.invoke(DelegatingMethodAccessorImpl.java:43)
	at java.base/java.lang.reflect.Method.invoke(Method.java:568)
	at org.junit.platform.commons.util.ReflectionUtils.invokeMethod(ReflectionUtils.java:725)
	at org.junit.jupiter.engine.execution.MethodInvocation.proceed(MethodInvocation.java:60)
	at org.junit.jupiter.engine.execution.InvocationInterceptorChain$ValidatingInvocation.proceed(InvocationInterceptorChain.java:131)
	at org.junit.jupiter.engine.extension.TimeoutExtension.intercept(TimeoutExtension.java:149)
	at org.junit.jupiter.engine.extension.TimeoutExtension.interceptTestableMethod(TimeoutExtension.java:140)
	at org.junit.jupiter.engine.extension.TimeoutExtension.interceptTestMethod(TimeoutExtension.java:84)
	at org.junit.jupiter.engine.execution.ExecutableInvoker$ReflectiveInterceptorCall.lambda$ofVoidMethod$0(ExecutableInvoker.java:115)
	at org.junit.jupiter.engine.execution.ExecutableInvoker.lambda$invoke$0(ExecutableInvoker.java:105)
	at org.junit.jupiter.engine.execution.InvocationInterceptorChain$InterceptedInvocation.proceed(InvocationInterceptorChain.java:106)
	at org.junit.jupiter.engine.execution.InvocationInterceptorChain.proceed(InvocationInterceptorChain.java:64)
	at org.junit.jupiter.engine.execution.InvocationInterceptorChain.chainAndInvoke(InvocationInterceptorChain.java:45)
	at org.junit.jupiter.engine.execution.InvocationInterceptorChain.invoke(InvocationInterceptorChain.java:37)
	at org.junit.jupiter.engine.execution.ExecutableInvoker.invoke(ExecutableInvoker.java:104)
	at org.junit.jupiter.engine.execution.ExecutableInvoker.invoke(ExecutableInvoker.java:98)
	at org.junit.jupiter.engine.descriptor.TestMethodTestDescriptor.lambda$invokeTestMethod$7(TestMethodTestDescriptor.java:214)
	at org.junit.platform.engine.support.hierarchical.ThrowableCollector.execute(ThrowableCollector.java:73)
	at org.junit.jupiter.engine.descriptor.TestMethodTestDescriptor.invokeTestMethod(TestMethodTestDescriptor.java:210)
	at org.junit.jupiter.engine.descriptor.TestMethodTestDescriptor.execute(TestMethodTestDescriptor.java:135)
	at org.junit.jupiter.engine.descriptor.TestMethodTestDescriptor.execute(TestMethodTestDescriptor.java:66)
	at org.junit.platform.engine.support.hierarchical.NodeTestTask.lambda$executeRecursively$6(NodeTestTask.java:151)
	at org.junit.platform.engine.support.hierarchical.ThrowableCollector.execute(ThrowableCollector.java:73)
	at org.junit.platform.engine.support.hierarchical.NodeTestTask.lambda$executeRecursively$8(NodeTestTask.java:141)
	at org.junit.platform.engine.support.hierarchical.Node.around(Node.java:137)
	at org.junit.platform.engine.support.hierarchical.NodeTestTask.lambda$executeRecursively$9(NodeTestTask.java:139)
	at org.junit.platform.engine.support.hierarchical.ThrowableCollector.execute(ThrowableCollector.java:73)
	at org.junit.platform.engine.support.hierarchical.NodeTestTask.executeRecursively(NodeTestTask.java:138)
	at org.junit.platform.engine.support.hierarchical.NodeTestTask.execute(NodeTestTask.java:95)
	at java.base/java.util.ArrayList.forEach(ArrayList.java:1511)
	at org.junit.platform.engine.support.hierarchical.SameThreadHierarchicalTestExecutorService.invokeAll(SameThreadHierarchicalTestExecutorService.java:41)
	at org.junit.platform.engine.support.hierarchical.NodeTestTask.lambda$executeRecursively$6(NodeTestTask.java:155)
	at org.junit.platform.engine.support.hierarchical.ThrowableCollector.execute(ThrowableCollector.java:73)
	at org.junit.platform.engine.support.hierarchical.NodeTestTask.lambda$executeRecursively$8(NodeTestTask.java:141)
	at org.junit.platform.engine.support.hierarchical.Node.around(Node.java:137)
	at org.junit.platform.engine.support.hierarchical.NodeTestTask.lambda$executeRecursively$9(NodeTestTask.java:139)
	at org.junit.platform.engine.support.hierarchical.ThrowableCollector.execute(ThrowableCollector.java:73)
	at org.junit.platform.engine.support.hierarchical.NodeTestTask.executeRecursively(NodeTestTask.java:138)
	at org.junit.platform.engine.support.hierarchical.NodeTestTask.execute(NodeTestTask.java:95)
	at java.base/java.util.ArrayList.forEach(ArrayList.java:1511)
	at org.junit.platform.engine.support.hierarchical.SameThreadHierarchicalTestExecutorService.invokeAll(SameThreadHierarchicalTestExecutorService.java:41)
	at org.junit.platform.engine.support.hierarchical.NodeTestTask.lambda$executeRecursively$6(NodeTestTask.java:155)
	at org.junit.platform.engine.support.hierarchical.ThrowableCollector.execute(ThrowableCollector.java:73)
	at org.junit.platform.engine.support.hierarchical.NodeTestTask.lambda$executeRecursively$8(NodeTestTask.java:141)
	at org.junit.platform.engine.support.hierarchical.Node.around(Node.java:137)
	at org.junit.platform.engine.support.hierarchical.NodeTestTask.lambda$executeRecursively$9(NodeTestTask.java:139)
	at org.junit.platform.engine.support.hierarchical.ThrowableCollector.execute(ThrowableCollector.java:73)
	at org.junit.platform.engine.support.hierarchical.NodeTestTask.executeRecursively(NodeTestTask.java:138)
	at org.junit.platform.engine.support.hierarchical.NodeTestTask.execute(NodeTestTask.java:95)
	at org.junit.platform.engine.support.hierarchical.SameThreadHierarchicalTestExecutorService.submit(SameThreadHierarchicalTestExecutorService.java:35)
	at org.junit.platform.engine.support.hierarchical.HierarchicalTestExecutor.execute(HierarchicalTestExecutor.java:57)
	at org.junit.platform.engine.support.hierarchical.HierarchicalTestEngine.execute(HierarchicalTestEngine.java:54)
	at org.junit.platform.launcher.core.EngineExecutionOrchestrator.execute(EngineExecutionOrchestrator.java:107)
	at org.junit.platform.launcher.core.EngineExecutionOrchestrator.execute(EngineExecutionOrchestrator.java:88)
	at org.junit.platform.launcher.core.EngineExecutionOrchestrator.lambda$execute$0(EngineExecutionOrchestrator.java:54)
	at org.junit.platform.launcher.core.EngineExecutionOrchestrator.withInterceptedStreams(EngineExecutionOrchestrator.java:67)
	at org.junit.platform.launcher.core.EngineExecutionOrchestrator.execute(EngineExecutionOrchestrator.java:52)
	at org.junit.platform.launcher.core.DefaultLauncher.execute(DefaultLauncher.java:114)
	at org.junit.platform.launcher.core.DefaultLauncher.execute(DefaultLauncher.java:86)
	at org.junit.platform.launcher.core.DefaultLauncherSession$DelegatingLauncher.execute(DefaultLauncherSession.java:86)
	at org.junit.platform.launcher.core.SessionPerRequestLauncher.execute(SessionPerRequestLauncher.java:53)
	at com.intellij.junit5.JUnit5IdeaTestRunner.startRunnerWithArgs(JUnit5IdeaTestRunner.java:71)
	at com.intellij.rt.junit.IdeaTestRunner$Repeater$1.execute(IdeaTestRunner.java:38)
	at com.intellij.rt.execution.junit.TestsRepeater.repeat(TestsRepeater.java:11)
	at com.intellij.rt.junit.IdeaTestRunner$Repeater.startRunnerWithArgs(IdeaTestRunner.java:35)
	at com.intellij.rt.junit.JUnitStarter.prepareStreamsAndStart(JUnitStarter.java:235)
	at com.intellij.rt.junit.JUnitStarter.main(JUnitStarter.java:54)
Caused by: java.net.ConnectException: Connection refused: no further information
	at java.base/sun.nio.ch.Net.pollConnect(Native Method)
	at java.base/sun.nio.ch.Net.pollConnectNow(Net.java:672)
	at java.base/sun.nio.ch.NioSocketImpl.timedFinishConnect(NioSocketImpl.java:547)
	at java.base/sun.nio.ch.NioSocketImpl.connect(NioSocketImpl.java:602)
	at java.base/java.net.SocksSocketImpl.connect(SocksSocketImpl.java:327)
	at java.base/java.net.Socket.connect(Socket.java:633)
	at org.postgresql.core.PGStream.createSocket(PGStream.java:243)
	at org.postgresql.core.PGStream.<init>(PGStream.java:98)
	at org.postgresql.core.v3.ConnectionFactoryImpl.tryConnect(ConnectionFactoryImpl.java:136)
	at org.postgresql.core.v3.ConnectionFactoryImpl.openConnectionImpl(ConnectionFactoryImpl.java:262)
	... 84 common frames omitted
2024-07-15 17:26:56.046 DEBUG com.zaxxer.hikari.HikariConfig: Driver class org.postgresql.Driver found in Thread context class loader jdk.internal.loader.ClassLoaders$AppClassLoader@6f94fa3e
2024-07-15 17:26:56.056 DEBUG com.zaxxer.hikari.HikariConfig: HikariPool-1 - configuration:
2024-07-15 17:26:56.061 DEBUG com.zaxxer.hikari.HikariConfig: allowPoolSuspension.............false
2024-07-15 17:26:56.062 DEBUG com.zaxxer.hikari.HikariConfig: autoCommit......................true
2024-07-15 17:26:56.062 DEBUG com.zaxxer.hikari.HikariConfig: catalog.........................none
2024-07-15 17:26:56.062 DEBUG com.zaxxer.hikari.HikariConfig: connectionInitSql...............none
2024-07-15 17:26:56.062 DEBUG com.zaxxer.hikari.HikariConfig: connectionTestQuery.............none
2024-07-15 17:26:56.062 DEBUG com.zaxxer.hikari.HikariConfig: connectionTimeout...............30000
2024-07-15 17:26:56.062 DEBUG com.zaxxer.hikari.HikariConfig: dataSource......................none
2024-07-15 17:26:56.063 DEBUG com.zaxxer.hikari.HikariConfig: dataSourceClassName.............none
2024-07-15 17:26:56.063 DEBUG com.zaxxer.hikari.HikariConfig: dataSourceJNDI..................none
2024-07-15 17:26:56.064 DEBUG com.zaxxer.hikari.HikariConfig: dataSourceProperties............{password=<masked>}
2024-07-15 17:26:56.064 DEBUG com.zaxxer.hikari.HikariConfig: driverClassName................."org.postgresql.Driver"
2024-07-15 17:26:56.064 DEBUG com.zaxxer.hikari.HikariConfig: exceptionOverrideClassName......none
2024-07-15 17:26:56.064 DEBUG com.zaxxer.hikari.HikariConfig: healthCheckProperties...........{}
2024-07-15 17:26:56.064 DEBUG com.zaxxer.hikari.HikariConfig: healthCheckRegistry.............none
2024-07-15 17:26:56.064 DEBUG com.zaxxer.hikari.HikariConfig: idleTimeout.....................600000
2024-07-15 17:26:56.064 DEBUG com.zaxxer.hikari.HikariConfig: initializationFailTimeout.......1
2024-07-15 17:26:56.064 DEBUG com.zaxxer.hikari.HikariConfig: isolateInternalQueries..........false
2024-07-15 17:26:56.064 DEBUG com.zaxxer.hikari.HikariConfig: jdbcUrl.........................jdbc:postgresql://localhost:5432/postgres
2024-07-15 17:26:56.065 DEBUG com.zaxxer.hikari.HikariConfig: keepaliveTime...................0
2024-07-15 17:26:56.065 DEBUG com.zaxxer.hikari.HikariConfig: leakDetectionThreshold..........0
2024-07-15 17:26:56.065 DEBUG com.zaxxer.hikari.HikariConfig: maxLifetime.....................1800000
2024-07-15 17:26:56.065 DEBUG com.zaxxer.hikari.HikariConfig: maximumPoolSize.................10
2024-07-15 17:26:56.065 DEBUG com.zaxxer.hikari.HikariConfig: metricRegistry..................none
2024-07-15 17:26:56.065 DEBUG com.zaxxer.hikari.HikariConfig: metricsTrackerFactory...........none
2024-07-15 17:26:56.065 DEBUG com.zaxxer.hikari.HikariConfig: minimumIdle.....................10
2024-07-15 17:26:56.065 DEBUG com.zaxxer.hikari.HikariConfig: password........................<masked>
2024-07-15 17:26:56.065 DEBUG com.zaxxer.hikari.HikariConfig: poolName........................"HikariPool-1"
2024-07-15 17:26:56.065 DEBUG com.zaxxer.hikari.HikariConfig: readOnly........................false
2024-07-15 17:26:56.066 DEBUG com.zaxxer.hikari.HikariConfig: registerMbeans..................false
2024-07-15 17:26:56.066 DEBUG com.zaxxer.hikari.HikariConfig: scheduledExecutor...............none
2024-07-15 17:26:56.066 DEBUG com.zaxxer.hikari.HikariConfig: schema..........................none
2024-07-15 17:26:56.066 DEBUG com.zaxxer.hikari.HikariConfig: threadFactory...................internal
2024-07-15 17:26:56.066 DEBUG com.zaxxer.hikari.HikariConfig: transactionIsolation............default
2024-07-15 17:26:56.066 DEBUG com.zaxxer.hikari.HikariConfig: username........................"luckyhunter"
2024-07-15 17:26:56.066 DEBUG com.zaxxer.hikari.HikariConfig: validationTimeout...............5000
2024-07-15 17:26:56.069 INFO  com.zaxxer.hikari.HikariDataSource: HikariPool-1 - Starting...
2024-07-15 17:26:56.330 INFO  com.zaxxer.hikari.pool.HikariPool: HikariPool-1 - Added connection org.postgresql.jdbc.PgConnection@10895b16
2024-07-15 17:26:56.331 INFO  com.zaxxer.hikari.HikariDataSource: HikariPool-1 - Start completed.
2024-07-15 17:27:21.492 DEBUG com.zaxxer.hikari.HikariConfig: Driver class org.postgresql.Driver found in Thread context class loader jdk.internal.loader.ClassLoaders$AppClassLoader@6f94fa3e
2024-07-15 17:27:21.501 DEBUG com.zaxxer.hikari.HikariConfig: HikariPool-1 - configuration:
2024-07-15 17:27:21.509 DEBUG com.zaxxer.hikari.HikariConfig: allowPoolSuspension.............false
2024-07-15 17:27:21.510 DEBUG com.zaxxer.hikari.HikariConfig: autoCommit......................true
2024-07-15 17:27:21.510 DEBUG com.zaxxer.hikari.HikariConfig: catalog.........................none
2024-07-15 17:27:21.510 DEBUG com.zaxxer.hikari.HikariConfig: connectionInitSql...............none
2024-07-15 17:27:21.510 DEBUG com.zaxxer.hikari.HikariConfig: connectionTestQuery.............none
2024-07-15 17:27:21.510 DEBUG com.zaxxer.hikari.HikariConfig: connectionTimeout...............30000
2024-07-15 17:27:21.510 DEBUG com.zaxxer.hikari.HikariConfig: dataSource......................none
2024-07-15 17:27:21.510 DEBUG com.zaxxer.hikari.HikariConfig: dataSourceClassName.............none
2024-07-15 17:27:21.510 DEBUG com.zaxxer.hikari.HikariConfig: dataSourceJNDI..................none
2024-07-15 17:27:21.511 DEBUG com.zaxxer.hikari.HikariConfig: dataSourceProperties............{password=<masked>}
2024-07-15 17:27:21.511 DEBUG com.zaxxer.hikari.HikariConfig: driverClassName................."org.postgresql.Driver"
2024-07-15 17:27:21.512 DEBUG com.zaxxer.hikari.HikariConfig: exceptionOverrideClassName......none
2024-07-15 17:27:21.512 DEBUG com.zaxxer.hikari.HikariConfig: healthCheckProperties...........{}
2024-07-15 17:27:21.512 DEBUG com.zaxxer.hikari.HikariConfig: healthCheckRegistry.............none
2024-07-15 17:27:21.512 DEBUG com.zaxxer.hikari.HikariConfig: idleTimeout.....................600000
2024-07-15 17:27:21.512 DEBUG com.zaxxer.hikari.HikariConfig: initializationFailTimeout.......1
2024-07-15 17:27:21.512 DEBUG com.zaxxer.hikari.HikariConfig: isolateInternalQueries..........false
2024-07-15 17:27:21.512 DEBUG com.zaxxer.hikari.HikariConfig: jdbcUrl.........................jdbc:postgresql://localhost:5432/postgres
2024-07-15 17:27:21.512 DEBUG com.zaxxer.hikari.HikariConfig: keepaliveTime...................0
2024-07-15 17:27:21.512 DEBUG com.zaxxer.hikari.HikariConfig: leakDetectionThreshold..........0
2024-07-15 17:27:21.512 DEBUG com.zaxxer.hikari.HikariConfig: maxLifetime.....................1800000
2024-07-15 17:27:21.512 DEBUG com.zaxxer.hikari.HikariConfig: maximumPoolSize.................10
2024-07-15 17:27:21.512 DEBUG com.zaxxer.hikari.HikariConfig: metricRegistry..................none
2024-07-15 17:27:21.513 DEBUG com.zaxxer.hikari.HikariConfig: metricsTrackerFactory...........none
2024-07-15 17:27:21.513 DEBUG com.zaxxer.hikari.HikariConfig: minimumIdle.....................10
2024-07-15 17:27:21.513 DEBUG com.zaxxer.hikari.HikariConfig: password........................<masked>
2024-07-15 17:27:21.513 DEBUG com.zaxxer.hikari.HikariConfig: poolName........................"HikariPool-1"
2024-07-15 17:27:21.513 DEBUG com.zaxxer.hikari.HikariConfig: readOnly........................false
2024-07-15 17:27:21.513 DEBUG com.zaxxer.hikari.HikariConfig: registerMbeans..................false
2024-07-15 17:27:21.513 DEBUG com.zaxxer.hikari.HikariConfig: scheduledExecutor...............none
2024-07-15 17:27:21.513 DEBUG com.zaxxer.hikari.HikariConfig: schema..........................none
2024-07-15 17:27:21.514 DEBUG com.zaxxer.hikari.HikariConfig: threadFactory...................internal
2024-07-15 17:27:21.514 DEBUG com.zaxxer.hikari.HikariConfig: transactionIsolation............default
2024-07-15 17:27:21.514 DEBUG com.zaxxer.hikari.HikariConfig: username........................"luckyhunter"
2024-07-15 17:27:21.514 DEBUG com.zaxxer.hikari.HikariConfig: validationTimeout...............5000
2024-07-15 17:27:21.517 INFO  com.zaxxer.hikari.HikariDataSource: HikariPool-1 - Starting...
2024-07-15 17:27:21.724 INFO  com.zaxxer.hikari.pool.HikariPool: HikariPool-1 - Added connection org.postgresql.jdbc.PgConnection@10895b16
2024-07-15 17:27:21.726 INFO  com.zaxxer.hikari.HikariDataSource: HikariPool-1 - Start completed.
2024-07-15 17:30:53.562 DEBUG com.zaxxer.hikari.HikariConfig: Driver class org.postgresql.Driver found in Thread context class loader jdk.internal.loader.ClassLoaders$AppClassLoader@6f94fa3e
2024-07-15 17:30:53.568 DEBUG com.zaxxer.hikari.HikariConfig: HikariPool-1 - configuration:
2024-07-15 17:30:53.573 DEBUG com.zaxxer.hikari.HikariConfig: allowPoolSuspension.............false
2024-07-15 17:30:53.573 DEBUG com.zaxxer.hikari.HikariConfig: autoCommit......................true
2024-07-15 17:30:53.573 DEBUG com.zaxxer.hikari.HikariConfig: catalog.........................none
2024-07-15 17:30:53.573 DEBUG com.zaxxer.hikari.HikariConfig: connectionInitSql...............none
2024-07-15 17:30:53.574 DEBUG com.zaxxer.hikari.HikariConfig: connectionTestQuery.............none
2024-07-15 17:30:53.574 DEBUG com.zaxxer.hikari.HikariConfig: connectionTimeout...............30000
2024-07-15 17:30:53.574 DEBUG com.zaxxer.hikari.HikariConfig: dataSource......................none
2024-07-15 17:30:53.574 DEBUG com.zaxxer.hikari.HikariConfig: dataSourceClassName.............none
2024-07-15 17:30:53.574 DEBUG com.zaxxer.hikari.HikariConfig: dataSourceJNDI..................none
2024-07-15 17:30:53.574 DEBUG com.zaxxer.hikari.HikariConfig: dataSourceProperties............{password=<masked>}
2024-07-15 17:30:53.575 DEBUG com.zaxxer.hikari.HikariConfig: driverClassName................."org.postgresql.Driver"
2024-07-15 17:30:53.575 DEBUG com.zaxxer.hikari.HikariConfig: exceptionOverrideClassName......none
2024-07-15 17:30:53.575 DEBUG com.zaxxer.hikari.HikariConfig: healthCheckProperties...........{}
2024-07-15 17:30:53.575 DEBUG com.zaxxer.hikari.HikariConfig: healthCheckRegistry.............none
2024-07-15 17:30:53.575 DEBUG com.zaxxer.hikari.HikariConfig: idleTimeout.....................600000
2024-07-15 17:30:53.575 DEBUG com.zaxxer.hikari.HikariConfig: initializationFailTimeout.......1
2024-07-15 17:30:53.575 DEBUG com.zaxxer.hikari.HikariConfig: isolateInternalQueries..........false
2024-07-15 17:30:53.576 DEBUG com.zaxxer.hikari.HikariConfig: jdbcUrl.........................jdbc:postgresql://localhost:5432/postgres
2024-07-15 17:30:53.576 DEBUG com.zaxxer.hikari.HikariConfig: keepaliveTime...................0
2024-07-15 17:30:53.576 DEBUG com.zaxxer.hikari.HikariConfig: leakDetectionThreshold..........0
2024-07-15 17:30:53.576 DEBUG com.zaxxer.hikari.HikariConfig: maxLifetime.....................1800000
2024-07-15 17:30:53.576 DEBUG com.zaxxer.hikari.HikariConfig: maximumPoolSize.................10
2024-07-15 17:30:53.576 DEBUG com.zaxxer.hikari.HikariConfig: metricRegistry..................none
2024-07-15 17:30:53.576 DEBUG com.zaxxer.hikari.HikariConfig: metricsTrackerFactory...........none
2024-07-15 17:30:53.576 DEBUG com.zaxxer.hikari.HikariConfig: minimumIdle.....................10
2024-07-15 17:30:53.576 DEBUG com.zaxxer.hikari.HikariConfig: password........................<masked>
2024-07-15 17:30:53.577 DEBUG com.zaxxer.hikari.HikariConfig: poolName........................"HikariPool-1"
2024-07-15 17:30:53.577 DEBUG com.zaxxer.hikari.HikariConfig: readOnly........................false
2024-07-15 17:30:53.577 DEBUG com.zaxxer.hikari.HikariConfig: registerMbeans..................false
2024-07-15 17:30:53.577 DEBUG com.zaxxer.hikari.HikariConfig: scheduledExecutor...............none
2024-07-15 17:30:53.577 DEBUG com.zaxxer.hikari.HikariConfig: schema..........................none
2024-07-15 17:30:53.577 DEBUG com.zaxxer.hikari.HikariConfig: threadFactory...................internal
2024-07-15 17:30:53.577 DEBUG com.zaxxer.hikari.HikariConfig: transactionIsolation............default
2024-07-15 17:30:53.577 DEBUG com.zaxxer.hikari.HikariConfig: username........................"luckyhunter"
2024-07-15 17:30:53.578 DEBUG com.zaxxer.hikari.HikariConfig: validationTimeout...............5000
2024-07-15 17:30:53.579 INFO  com.zaxxer.hikari.HikariDataSource: HikariPool-1 - Starting...
2024-07-15 17:30:53.738 INFO  com.zaxxer.hikari.pool.HikariPool: HikariPool-1 - Added connection org.postgresql.jdbc.PgConnection@151ef57f
2024-07-15 17:30:53.740 INFO  com.zaxxer.hikari.HikariDataSource: HikariPool-1 - Start completed.
2024-07-15 17:31:06.534 DEBUG com.zaxxer.hikari.HikariConfig: Driver class org.postgresql.Driver found in Thread context class loader jdk.internal.loader.ClassLoaders$AppClassLoader@6f94fa3e
2024-07-15 17:31:06.542 DEBUG com.zaxxer.hikari.HikariConfig: HikariPool-1 - configuration:
2024-07-15 17:31:06.549 DEBUG com.zaxxer.hikari.HikariConfig: allowPoolSuspension.............false
2024-07-15 17:31:06.549 DEBUG com.zaxxer.hikari.HikariConfig: autoCommit......................true
2024-07-15 17:31:06.549 DEBUG com.zaxxer.hikari.HikariConfig: catalog.........................none
2024-07-15 17:31:06.549 DEBUG com.zaxxer.hikari.HikariConfig: connectionInitSql...............none
2024-07-15 17:31:06.549 DEBUG com.zaxxer.hikari.HikariConfig: connectionTestQuery.............none
2024-07-15 17:31:06.549 DEBUG com.zaxxer.hikari.HikariConfig: connectionTimeout...............30000
2024-07-15 17:31:06.549 DEBUG com.zaxxer.hikari.HikariConfig: dataSource......................none
2024-07-15 17:31:06.549 DEBUG com.zaxxer.hikari.HikariConfig: dataSourceClassName.............none
2024-07-15 17:31:06.550 DEBUG com.zaxxer.hikari.HikariConfig: dataSourceJNDI..................none
2024-07-15 17:31:06.550 DEBUG com.zaxxer.hikari.HikariConfig: dataSourceProperties............{password=<masked>}
2024-07-15 17:31:06.551 DEBUG com.zaxxer.hikari.HikariConfig: driverClassName................."org.postgresql.Driver"
2024-07-15 17:31:06.551 DEBUG com.zaxxer.hikari.HikariConfig: exceptionOverrideClassName......none
2024-07-15 17:31:06.551 DEBUG com.zaxxer.hikari.HikariConfig: healthCheckProperties...........{}
2024-07-15 17:31:06.551 DEBUG com.zaxxer.hikari.HikariConfig: healthCheckRegistry.............none
2024-07-15 17:31:06.551 DEBUG com.zaxxer.hikari.HikariConfig: idleTimeout.....................600000
2024-07-15 17:31:06.551 DEBUG com.zaxxer.hikari.HikariConfig: initializationFailTimeout.......1
2024-07-15 17:31:06.551 DEBUG com.zaxxer.hikari.HikariConfig: isolateInternalQueries..........false
2024-07-15 17:31:06.552 DEBUG com.zaxxer.hikari.HikariConfig: jdbcUrl.........................jdbc:postgresql://localhost:5432/postgres
2024-07-15 17:31:06.552 DEBUG com.zaxxer.hikari.HikariConfig: keepaliveTime...................0
2024-07-15 17:31:06.552 DEBUG com.zaxxer.hikari.HikariConfig: leakDetectionThreshold..........0
2024-07-15 17:31:06.552 DEBUG com.zaxxer.hikari.HikariConfig: maxLifetime.....................1800000
2024-07-15 17:31:06.552 DEBUG com.zaxxer.hikari.HikariConfig: maximumPoolSize.................10
2024-07-15 17:31:06.552 DEBUG com.zaxxer.hikari.HikariConfig: metricRegistry..................none
2024-07-15 17:31:06.552 DEBUG com.zaxxer.hikari.HikariConfig: metricsTrackerFactory...........none
2024-07-15 17:31:06.552 DEBUG com.zaxxer.hikari.HikariConfig: minimumIdle.....................10
2024-07-15 17:31:06.552 DEBUG com.zaxxer.hikari.HikariConfig: password........................<masked>
2024-07-15 17:31:06.553 DEBUG com.zaxxer.hikari.HikariConfig: poolName........................"HikariPool-1"
2024-07-15 17:31:06.553 DEBUG com.zaxxer.hikari.HikariConfig: readOnly........................false
2024-07-15 17:31:06.553 DEBUG com.zaxxer.hikari.HikariConfig: registerMbeans..................false
2024-07-15 17:31:06.553 DEBUG com.zaxxer.hikari.HikariConfig: scheduledExecutor...............none
2024-07-15 17:31:06.553 DEBUG com.zaxxer.hikari.HikariConfig: schema..........................none
2024-07-15 17:31:06.554 DEBUG com.zaxxer.hikari.HikariConfig: threadFactory...................internal
2024-07-15 17:31:06.554 DEBUG com.zaxxer.hikari.HikariConfig: transactionIsolation............default
2024-07-15 17:31:06.554 DEBUG com.zaxxer.hikari.HikariConfig: username........................"luckyhunter"
2024-07-15 17:31:06.554 DEBUG com.zaxxer.hikari.HikariConfig: validationTimeout...............5000
2024-07-15 17:31:06.557 INFO  com.zaxxer.hikari.HikariDataSource: HikariPool-1 - Starting...
2024-07-15 17:31:06.743 INFO  com.zaxxer.hikari.pool.HikariPool: HikariPool-1 - Added connection org.postgresql.jdbc.PgConnection@64f16277
2024-07-15 17:31:06.744 INFO  com.zaxxer.hikari.HikariDataSource: HikariPool-1 - Start completed.
2024-07-16 20:35:14.805 DEBUG com.zaxxer.hikari.HikariConfig: Driver class org.postgresql.Driver found in Thread context class loader jdk.internal.loader.ClassLoaders$AppClassLoader@6f94fa3e
2024-07-16 20:35:14.813 DEBUG com.zaxxer.hikari.HikariConfig: HikariPool-1 - configuration:
2024-07-16 20:35:14.824 DEBUG com.zaxxer.hikari.HikariConfig: allowPoolSuspension.............false
2024-07-16 20:35:14.824 DEBUG com.zaxxer.hikari.HikariConfig: autoCommit......................true
2024-07-16 20:35:14.825 DEBUG com.zaxxer.hikari.HikariConfig: catalog.........................none
2024-07-16 20:35:14.825 DEBUG com.zaxxer.hikari.HikariConfig: connectionInitSql...............none
2024-07-16 20:35:14.825 DEBUG com.zaxxer.hikari.HikariConfig: connectionTestQuery.............none
2024-07-16 20:35:14.825 DEBUG com.zaxxer.hikari.HikariConfig: connectionTimeout...............30000
2024-07-16 20:35:14.825 DEBUG com.zaxxer.hikari.HikariConfig: dataSource......................none
2024-07-16 20:35:14.825 DEBUG com.zaxxer.hikari.HikariConfig: dataSourceClassName.............none
2024-07-16 20:35:14.825 DEBUG com.zaxxer.hikari.HikariConfig: dataSourceJNDI..................none
2024-07-16 20:35:14.829 DEBUG com.zaxxer.hikari.HikariConfig: dataSourceProperties............{password=<masked>}
2024-07-16 20:35:14.830 DEBUG com.zaxxer.hikari.HikariConfig: driverClassName................."org.postgresql.Driver"
2024-07-16 20:35:14.830 DEBUG com.zaxxer.hikari.HikariConfig: exceptionOverrideClassName......none
2024-07-16 20:35:14.830 DEBUG com.zaxxer.hikari.HikariConfig: healthCheckProperties...........{}
2024-07-16 20:35:14.830 DEBUG com.zaxxer.hikari.HikariConfig: healthCheckRegistry.............none
2024-07-16 20:35:14.830 DEBUG com.zaxxer.hikari.HikariConfig: idleTimeout.....................600000
2024-07-16 20:35:14.830 DEBUG com.zaxxer.hikari.HikariConfig: initializationFailTimeout.......1
2024-07-16 20:35:14.831 DEBUG com.zaxxer.hikari.HikariConfig: isolateInternalQueries..........false
2024-07-16 20:35:14.832 DEBUG com.zaxxer.hikari.HikariConfig: jdbcUrl.........................jdbc:postgresql://localhost:5432/postgres
2024-07-16 20:35:14.833 DEBUG com.zaxxer.hikari.HikariConfig: keepaliveTime...................0
2024-07-16 20:35:14.833 DEBUG com.zaxxer.hikari.HikariConfig: leakDetectionThreshold..........0
2024-07-16 20:35:14.833 DEBUG com.zaxxer.hikari.HikariConfig: maxLifetime.....................1800000
2024-07-16 20:35:14.833 DEBUG com.zaxxer.hikari.HikariConfig: maximumPoolSize.................10
2024-07-16 20:35:14.833 DEBUG com.zaxxer.hikari.HikariConfig: metricRegistry..................none
2024-07-16 20:35:14.834 DEBUG com.zaxxer.hikari.HikariConfig: metricsTrackerFactory...........none
2024-07-16 20:35:14.834 DEBUG com.zaxxer.hikari.HikariConfig: minimumIdle.....................10
2024-07-16 20:35:14.834 DEBUG com.zaxxer.hikari.HikariConfig: password........................<masked>
2024-07-16 20:35:14.834 DEBUG com.zaxxer.hikari.HikariConfig: poolName........................"HikariPool-1"
2024-07-16 20:35:14.835 DEBUG com.zaxxer.hikari.HikariConfig: readOnly........................false
2024-07-16 20:35:14.837 DEBUG com.zaxxer.hikari.HikariConfig: registerMbeans..................false
2024-07-16 20:35:14.837 DEBUG com.zaxxer.hikari.HikariConfig: scheduledExecutor...............none
2024-07-16 20:35:14.837 DEBUG com.zaxxer.hikari.HikariConfig: schema..........................none
2024-07-16 20:35:14.837 DEBUG com.zaxxer.hikari.HikariConfig: threadFactory...................internal
2024-07-16 20:35:14.837 DEBUG com.zaxxer.hikari.HikariConfig: transactionIsolation............default
2024-07-16 20:35:14.837 DEBUG com.zaxxer.hikari.HikariConfig: username........................"luckyhunter"
2024-07-16 20:35:14.837 DEBUG com.zaxxer.hikari.HikariConfig: validationTimeout...............5000
2024-07-16 20:35:14.848 INFO  com.zaxxer.hikari.HikariDataSource: HikariPool-1 - Starting...
2024-07-16 20:35:15.187 INFO  com.zaxxer.hikari.pool.HikariPool: HikariPool-1 - Added connection org.postgresql.jdbc.PgConnection@57c47a9e
2024-07-16 20:35:15.188 INFO  com.zaxxer.hikari.HikariDataSource: HikariPool-1 - Start completed.
2024-07-16 20:35:15.298 DEBUG com.zaxxer.hikari.pool.HikariPool: HikariPool-1 - Pool stats (total=1, active=0, idle=1, waiting=0)
2024-07-16 20:37:32.012 DEBUG com.zaxxer.hikari.HikariConfig: Driver class org.postgresql.Driver found in Thread context class loader jdk.internal.loader.ClassLoaders$AppClassLoader@6f94fa3e
2024-07-16 20:37:32.021 DEBUG com.zaxxer.hikari.HikariConfig: HikariPool-1 - configuration:
2024-07-16 20:37:32.028 DEBUG com.zaxxer.hikari.HikariConfig: allowPoolSuspension.............false
2024-07-16 20:37:32.029 DEBUG com.zaxxer.hikari.HikariConfig: autoCommit......................true
2024-07-16 20:37:32.030 DEBUG com.zaxxer.hikari.HikariConfig: catalog.........................none
2024-07-16 20:37:32.030 DEBUG com.zaxxer.hikari.HikariConfig: connectionInitSql...............none
2024-07-16 20:37:32.030 DEBUG com.zaxxer.hikari.HikariConfig: connectionTestQuery.............none
2024-07-16 20:37:32.030 DEBUG com.zaxxer.hikari.HikariConfig: connectionTimeout...............30000
2024-07-16 20:37:32.030 DEBUG com.zaxxer.hikari.HikariConfig: dataSource......................none
2024-07-16 20:37:32.031 DEBUG com.zaxxer.hikari.HikariConfig: dataSourceClassName.............none
2024-07-16 20:37:32.031 DEBUG com.zaxxer.hikari.HikariConfig: dataSourceJNDI..................none
2024-07-16 20:37:32.032 DEBUG com.zaxxer.hikari.HikariConfig: dataSourceProperties............{password=<masked>}
2024-07-16 20:37:32.033 DEBUG com.zaxxer.hikari.HikariConfig: driverClassName................."org.postgresql.Driver"
2024-07-16 20:37:32.034 DEBUG com.zaxxer.hikari.HikariConfig: exceptionOverrideClassName......none
2024-07-16 20:37:32.034 DEBUG com.zaxxer.hikari.HikariConfig: healthCheckProperties...........{}
2024-07-16 20:37:32.034 DEBUG com.zaxxer.hikari.HikariConfig: healthCheckRegistry.............none
2024-07-16 20:37:32.035 DEBUG com.zaxxer.hikari.HikariConfig: idleTimeout.....................600000
2024-07-16 20:37:32.035 DEBUG com.zaxxer.hikari.HikariConfig: initializationFailTimeout.......1
2024-07-16 20:37:32.038 DEBUG com.zaxxer.hikari.HikariConfig: isolateInternalQueries..........false
2024-07-16 20:37:32.038 DEBUG com.zaxxer.hikari.HikariConfig: jdbcUrl.........................jdbc:postgresql://localhost:5432/postgres
2024-07-16 20:37:32.038 DEBUG com.zaxxer.hikari.HikariConfig: keepaliveTime...................0
2024-07-16 20:37:32.038 DEBUG com.zaxxer.hikari.HikariConfig: leakDetectionThreshold..........0
2024-07-16 20:37:32.038 DEBUG com.zaxxer.hikari.HikariConfig: maxLifetime.....................1800000
2024-07-16 20:37:32.038 DEBUG com.zaxxer.hikari.HikariConfig: maximumPoolSize.................10
2024-07-16 20:37:32.038 DEBUG com.zaxxer.hikari.HikariConfig: metricRegistry..................none
2024-07-16 20:37:32.038 DEBUG com.zaxxer.hikari.HikariConfig: metricsTrackerFactory...........none
2024-07-16 20:37:32.038 DEBUG com.zaxxer.hikari.HikariConfig: minimumIdle.....................10
2024-07-16 20:37:32.039 DEBUG com.zaxxer.hikari.HikariConfig: password........................<masked>
2024-07-16 20:37:32.039 DEBUG com.zaxxer.hikari.HikariConfig: poolName........................"HikariPool-1"
2024-07-16 20:37:32.040 DEBUG com.zaxxer.hikari.HikariConfig: readOnly........................false
2024-07-16 20:37:32.040 DEBUG com.zaxxer.hikari.HikariConfig: registerMbeans..................false
2024-07-16 20:37:32.040 DEBUG com.zaxxer.hikari.HikariConfig: scheduledExecutor...............none
2024-07-16 20:37:32.040 DEBUG com.zaxxer.hikari.HikariConfig: schema..........................none
2024-07-16 20:37:32.040 DEBUG com.zaxxer.hikari.HikariConfig: threadFactory...................internal
2024-07-16 20:37:32.040 DEBUG com.zaxxer.hikari.HikariConfig: transactionIsolation............default
2024-07-16 20:37:32.040 DEBUG com.zaxxer.hikari.HikariConfig: username........................"luckyhunter"
2024-07-16 20:37:32.040 DEBUG com.zaxxer.hikari.HikariConfig: validationTimeout...............5000
2024-07-16 20:37:32.053 INFO  com.zaxxer.hikari.HikariDataSource: HikariPool-1 - Starting...
2024-07-16 20:37:32.391 INFO  com.zaxxer.hikari.pool.HikariPool: HikariPool-1 - Added connection org.postgresql.jdbc.PgConnection@7808f638
2024-07-16 20:37:32.392 INFO  com.zaxxer.hikari.HikariDataSource: HikariPool-1 - Start completed.
2024-07-16 20:37:32.502 DEBUG com.zaxxer.hikari.pool.HikariPool: HikariPool-1 - Pool stats (total=1, active=0, idle=1, waiting=0)
2024-07-16 20:41:14.340 DEBUG com.zaxxer.hikari.HikariConfig: Driver class org.postgresql.Driver found in Thread context class loader jdk.internal.loader.ClassLoaders$AppClassLoader@6f94fa3e
2024-07-16 20:41:14.348 DEBUG com.zaxxer.hikari.HikariConfig: HikariPool-1 - configuration:
2024-07-16 20:41:14.357 DEBUG com.zaxxer.hikari.HikariConfig: allowPoolSuspension.............false
2024-07-16 20:41:14.358 DEBUG com.zaxxer.hikari.HikariConfig: autoCommit......................true
2024-07-16 20:41:14.358 DEBUG com.zaxxer.hikari.HikariConfig: catalog.........................none
2024-07-16 20:41:14.358 DEBUG com.zaxxer.hikari.HikariConfig: connectionInitSql...............none
2024-07-16 20:41:14.358 DEBUG com.zaxxer.hikari.HikariConfig: connectionTestQuery.............none
2024-07-16 20:41:14.358 DEBUG com.zaxxer.hikari.HikariConfig: connectionTimeout...............30000
2024-07-16 20:41:14.358 DEBUG com.zaxxer.hikari.HikariConfig: dataSource......................none
2024-07-16 20:41:14.358 DEBUG com.zaxxer.hikari.HikariConfig: dataSourceClassName.............none
2024-07-16 20:41:14.359 DEBUG com.zaxxer.hikari.HikariConfig: dataSourceJNDI..................none
2024-07-16 20:41:14.360 DEBUG com.zaxxer.hikari.HikariConfig: dataSourceProperties............{password=<masked>}
2024-07-16 20:41:14.361 DEBUG com.zaxxer.hikari.HikariConfig: driverClassName................."org.postgresql.Driver"
2024-07-16 20:41:14.361 DEBUG com.zaxxer.hikari.HikariConfig: exceptionOverrideClassName......none
2024-07-16 20:41:14.361 DEBUG com.zaxxer.hikari.HikariConfig: healthCheckProperties...........{}
2024-07-16 20:41:14.361 DEBUG com.zaxxer.hikari.HikariConfig: healthCheckRegistry.............none
2024-07-16 20:41:14.361 DEBUG com.zaxxer.hikari.HikariConfig: idleTimeout.....................600000
2024-07-16 20:41:14.361 DEBUG com.zaxxer.hikari.HikariConfig: initializationFailTimeout.......1
2024-07-16 20:41:14.362 DEBUG com.zaxxer.hikari.HikariConfig: isolateInternalQueries..........false
2024-07-16 20:41:14.362 DEBUG com.zaxxer.hikari.HikariConfig: jdbcUrl.........................jdbc:postgresql://localhost:5432/postgres
2024-07-16 20:41:14.362 DEBUG com.zaxxer.hikari.HikariConfig: keepaliveTime...................0
2024-07-16 20:41:14.362 DEBUG com.zaxxer.hikari.HikariConfig: leakDetectionThreshold..........0
2024-07-16 20:41:14.362 DEBUG com.zaxxer.hikari.HikariConfig: maxLifetime.....................1800000
2024-07-16 20:41:14.362 DEBUG com.zaxxer.hikari.HikariConfig: maximumPoolSize.................10
2024-07-16 20:41:14.362 DEBUG com.zaxxer.hikari.HikariConfig: metricRegistry..................none
2024-07-16 20:41:14.362 DEBUG com.zaxxer.hikari.HikariConfig: metricsTrackerFactory...........none
2024-07-16 20:41:14.363 DEBUG com.zaxxer.hikari.HikariConfig: minimumIdle.....................10
2024-07-16 20:41:14.363 DEBUG com.zaxxer.hikari.HikariConfig: password........................<masked>
2024-07-16 20:41:14.363 DEBUG com.zaxxer.hikari.HikariConfig: poolName........................"HikariPool-1"
2024-07-16 20:41:14.363 DEBUG com.zaxxer.hikari.HikariConfig: readOnly........................false
2024-07-16 20:41:14.364 DEBUG com.zaxxer.hikari.HikariConfig: registerMbeans..................false
2024-07-16 20:41:14.364 DEBUG com.zaxxer.hikari.HikariConfig: scheduledExecutor...............none
2024-07-16 20:41:14.364 DEBUG com.zaxxer.hikari.HikariConfig: schema..........................none
2024-07-16 20:41:14.364 DEBUG com.zaxxer.hikari.HikariConfig: threadFactory...................internal
2024-07-16 20:41:14.364 DEBUG com.zaxxer.hikari.HikariConfig: transactionIsolation............default
2024-07-16 20:41:14.365 DEBUG com.zaxxer.hikari.HikariConfig: username........................"luckyhunter"
2024-07-16 20:41:14.365 DEBUG com.zaxxer.hikari.HikariConfig: validationTimeout...............5000
2024-07-16 20:41:14.377 INFO  com.zaxxer.hikari.HikariDataSource: HikariPool-1 - Starting...
2024-07-16 20:41:14.737 INFO  com.zaxxer.hikari.pool.HikariPool: HikariPool-1 - Added connection org.postgresql.jdbc.PgConnection@3c35c345
2024-07-16 20:41:14.740 INFO  com.zaxxer.hikari.HikariDataSource: HikariPool-1 - Start completed.
2024-07-16 20:43:45.694 DEBUG com.zaxxer.hikari.HikariConfig: Driver class org.postgresql.Driver found in Thread context class loader jdk.internal.loader.ClassLoaders$AppClassLoader@6f94fa3e
2024-07-16 20:43:45.709 DEBUG com.zaxxer.hikari.HikariConfig: HikariPool-1 - configuration:
2024-07-16 20:43:45.722 DEBUG com.zaxxer.hikari.HikariConfig: allowPoolSuspension.............false
2024-07-16 20:43:45.723 DEBUG com.zaxxer.hikari.HikariConfig: autoCommit......................true
2024-07-16 20:43:45.723 DEBUG com.zaxxer.hikari.HikariConfig: catalog.........................none
2024-07-16 20:43:45.723 DEBUG com.zaxxer.hikari.HikariConfig: connectionInitSql...............none
2024-07-16 20:43:45.723 DEBUG com.zaxxer.hikari.HikariConfig: connectionTestQuery.............none
2024-07-16 20:43:45.723 DEBUG com.zaxxer.hikari.HikariConfig: connectionTimeout...............30000
2024-07-16 20:43:45.723 DEBUG com.zaxxer.hikari.HikariConfig: dataSource......................none
2024-07-16 20:43:45.723 DEBUG com.zaxxer.hikari.HikariConfig: dataSourceClassName.............none
2024-07-16 20:43:45.723 DEBUG com.zaxxer.hikari.HikariConfig: dataSourceJNDI..................none
2024-07-16 20:43:45.724 DEBUG com.zaxxer.hikari.HikariConfig: dataSourceProperties............{password=<masked>}
2024-07-16 20:43:45.725 DEBUG com.zaxxer.hikari.HikariConfig: driverClassName................."org.postgresql.Driver"
2024-07-16 20:43:45.725 DEBUG com.zaxxer.hikari.HikariConfig: exceptionOverrideClassName......none
2024-07-16 20:43:45.725 DEBUG com.zaxxer.hikari.HikariConfig: healthCheckProperties...........{}
2024-07-16 20:43:45.725 DEBUG com.zaxxer.hikari.HikariConfig: healthCheckRegistry.............none
2024-07-16 20:43:45.725 DEBUG com.zaxxer.hikari.HikariConfig: idleTimeout.....................600000
2024-07-16 20:43:45.725 DEBUG com.zaxxer.hikari.HikariConfig: initializationFailTimeout.......1
2024-07-16 20:43:45.725 DEBUG com.zaxxer.hikari.HikariConfig: isolateInternalQueries..........false
2024-07-16 20:43:45.726 DEBUG com.zaxxer.hikari.HikariConfig: jdbcUrl.........................jdbc:postgresql://localhost:5432/postgres
2024-07-16 20:43:45.726 DEBUG com.zaxxer.hikari.HikariConfig: keepaliveTime...................0
2024-07-16 20:43:45.726 DEBUG com.zaxxer.hikari.HikariConfig: leakDetectionThreshold..........0
2024-07-16 20:43:45.726 DEBUG com.zaxxer.hikari.HikariConfig: maxLifetime.....................1800000
2024-07-16 20:43:45.726 DEBUG com.zaxxer.hikari.HikariConfig: maximumPoolSize.................10
2024-07-16 20:43:45.726 DEBUG com.zaxxer.hikari.HikariConfig: metricRegistry..................none
2024-07-16 20:43:45.727 DEBUG com.zaxxer.hikari.HikariConfig: metricsTrackerFactory...........none
2024-07-16 20:43:45.727 DEBUG com.zaxxer.hikari.HikariConfig: minimumIdle.....................10
2024-07-16 20:43:45.727 DEBUG com.zaxxer.hikari.HikariConfig: password........................<masked>
2024-07-16 20:43:45.727 DEBUG com.zaxxer.hikari.HikariConfig: poolName........................"HikariPool-1"
2024-07-16 20:43:45.727 DEBUG com.zaxxer.hikari.HikariConfig: readOnly........................false
2024-07-16 20:43:45.728 DEBUG com.zaxxer.hikari.HikariConfig: registerMbeans..................false
2024-07-16 20:43:45.728 DEBUG com.zaxxer.hikari.HikariConfig: scheduledExecutor...............none
2024-07-16 20:43:45.728 DEBUG com.zaxxer.hikari.HikariConfig: schema..........................none
2024-07-16 20:43:45.728 DEBUG com.zaxxer.hikari.HikariConfig: threadFactory...................internal
2024-07-16 20:43:45.728 DEBUG com.zaxxer.hikari.HikariConfig: transactionIsolation............default
2024-07-16 20:43:45.728 DEBUG com.zaxxer.hikari.HikariConfig: username........................"luckyhunter"
2024-07-16 20:43:45.728 DEBUG com.zaxxer.hikari.HikariConfig: validationTimeout...............5000
2024-07-16 20:43:45.732 INFO  com.zaxxer.hikari.HikariDataSource: HikariPool-1 - Starting...
2024-07-16 20:43:46.043 INFO  com.zaxxer.hikari.pool.HikariPool: HikariPool-1 - Added connection org.postgresql.jdbc.PgConnection@3afae281
2024-07-16 20:43:46.045 INFO  com.zaxxer.hikari.HikariDataSource: HikariPool-1 - Start completed.
2024-07-16 20:45:28.267 DEBUG com.zaxxer.hikari.HikariConfig: Driver class org.postgresql.Driver found in Thread context class loader jdk.internal.loader.ClassLoaders$AppClassLoader@6f94fa3e
2024-07-16 20:45:28.278 DEBUG com.zaxxer.hikari.HikariConfig: HikariPool-1 - configuration:
2024-07-16 20:45:28.293 DEBUG com.zaxxer.hikari.HikariConfig: allowPoolSuspension.............false
2024-07-16 20:45:28.293 DEBUG com.zaxxer.hikari.HikariConfig: autoCommit......................true
2024-07-16 20:45:28.293 DEBUG com.zaxxer.hikari.HikariConfig: catalog.........................none
2024-07-16 20:45:28.293 DEBUG com.zaxxer.hikari.HikariConfig: connectionInitSql...............none
2024-07-16 20:45:28.293 DEBUG com.zaxxer.hikari.HikariConfig: connectionTestQuery.............none
2024-07-16 20:45:28.293 DEBUG com.zaxxer.hikari.HikariConfig: connectionTimeout...............30000
2024-07-16 20:45:28.293 DEBUG com.zaxxer.hikari.HikariConfig: dataSource......................none
2024-07-16 20:45:28.293 DEBUG com.zaxxer.hikari.HikariConfig: dataSourceClassName.............none
2024-07-16 20:45:28.293 DEBUG com.zaxxer.hikari.HikariConfig: dataSourceJNDI..................none
2024-07-16 20:45:28.294 DEBUG com.zaxxer.hikari.HikariConfig: dataSourceProperties............{password=<masked>}
2024-07-16 20:45:28.294 DEBUG com.zaxxer.hikari.HikariConfig: driverClassName................."org.postgresql.Driver"
2024-07-16 20:45:28.294 DEBUG com.zaxxer.hikari.HikariConfig: exceptionOverrideClassName......none
2024-07-16 20:45:28.294 DEBUG com.zaxxer.hikari.HikariConfig: healthCheckProperties...........{}
2024-07-16 20:45:28.295 DEBUG com.zaxxer.hikari.HikariConfig: healthCheckRegistry.............none
2024-07-16 20:45:28.295 DEBUG com.zaxxer.hikari.HikariConfig: idleTimeout.....................600000
2024-07-16 20:45:28.295 DEBUG com.zaxxer.hikari.HikariConfig: initializationFailTimeout.......1
2024-07-16 20:45:28.295 DEBUG com.zaxxer.hikari.HikariConfig: isolateInternalQueries..........false
2024-07-16 20:45:28.295 DEBUG com.zaxxer.hikari.HikariConfig: jdbcUrl.........................jdbc:postgresql://localhost:5432/postgres
2024-07-16 20:45:28.295 DEBUG com.zaxxer.hikari.HikariConfig: keepaliveTime...................0
2024-07-16 20:45:28.295 DEBUG com.zaxxer.hikari.HikariConfig: leakDetectionThreshold..........0
2024-07-16 20:45:28.295 DEBUG com.zaxxer.hikari.HikariConfig: maxLifetime.....................1800000
2024-07-16 20:45:28.295 DEBUG com.zaxxer.hikari.HikariConfig: maximumPoolSize.................10
2024-07-16 20:45:28.296 DEBUG com.zaxxer.hikari.HikariConfig: metricRegistry..................none
2024-07-16 20:45:28.296 DEBUG com.zaxxer.hikari.HikariConfig: metricsTrackerFactory...........none
2024-07-16 20:45:28.296 DEBUG com.zaxxer.hikari.HikariConfig: minimumIdle.....................10
2024-07-16 20:45:28.296 DEBUG com.zaxxer.hikari.HikariConfig: password........................<masked>
2024-07-16 20:45:28.296 DEBUG com.zaxxer.hikari.HikariConfig: poolName........................"HikariPool-1"
2024-07-16 20:45:28.296 DEBUG com.zaxxer.hikari.HikariConfig: readOnly........................false
2024-07-16 20:45:28.297 DEBUG com.zaxxer.hikari.HikariConfig: registerMbeans..................false
2024-07-16 20:45:28.297 DEBUG com.zaxxer.hikari.HikariConfig: scheduledExecutor...............none
2024-07-16 20:45:28.297 DEBUG com.zaxxer.hikari.HikariConfig: schema..........................none
2024-07-16 20:45:28.297 DEBUG com.zaxxer.hikari.HikariConfig: threadFactory...................internal
2024-07-16 20:45:28.297 DEBUG com.zaxxer.hikari.HikariConfig: transactionIsolation............default
2024-07-16 20:45:28.297 DEBUG com.zaxxer.hikari.HikariConfig: username........................"luckyhunter"
2024-07-16 20:45:28.297 DEBUG com.zaxxer.hikari.HikariConfig: validationTimeout...............5000
2024-07-16 20:45:28.298 INFO  com.zaxxer.hikari.HikariDataSource: HikariPool-1 - Starting...
2024-07-16 20:45:28.670 INFO  com.zaxxer.hikari.pool.HikariPool: HikariPool-1 - Added connection org.postgresql.jdbc.PgConnection@353efdbf
2024-07-16 20:45:28.671 INFO  com.zaxxer.hikari.HikariDataSource: HikariPool-1 - Start completed.
2024-07-16 20:45:46.831 DEBUG com.zaxxer.hikari.HikariConfig: Driver class org.postgresql.Driver found in Thread context class loader jdk.internal.loader.ClassLoaders$AppClassLoader@6f94fa3e
2024-07-16 20:45:46.840 DEBUG com.zaxxer.hikari.HikariConfig: HikariPool-1 - configuration:
2024-07-16 20:45:46.852 DEBUG com.zaxxer.hikari.HikariConfig: allowPoolSuspension.............false
2024-07-16 20:45:46.853 DEBUG com.zaxxer.hikari.HikariConfig: autoCommit......................true
2024-07-16 20:45:46.853 DEBUG com.zaxxer.hikari.HikariConfig: catalog.........................none
2024-07-16 20:45:46.853 DEBUG com.zaxxer.hikari.HikariConfig: connectionInitSql...............none
2024-07-16 20:45:46.853 DEBUG com.zaxxer.hikari.HikariConfig: connectionTestQuery.............none
2024-07-16 20:45:46.854 DEBUG com.zaxxer.hikari.HikariConfig: connectionTimeout...............30000
2024-07-16 20:45:46.854 DEBUG com.zaxxer.hikari.HikariConfig: dataSource......................none
2024-07-16 20:45:46.854 DEBUG com.zaxxer.hikari.HikariConfig: dataSourceClassName.............none
2024-07-16 20:45:46.855 DEBUG com.zaxxer.hikari.HikariConfig: dataSourceJNDI..................none
2024-07-16 20:45:46.856 DEBUG com.zaxxer.hikari.HikariConfig: dataSourceProperties............{password=<masked>}
2024-07-16 20:45:46.857 DEBUG com.zaxxer.hikari.HikariConfig: driverClassName................."org.postgresql.Driver"
2024-07-16 20:45:46.857 DEBUG com.zaxxer.hikari.HikariConfig: exceptionOverrideClassName......none
2024-07-16 20:45:46.857 DEBUG com.zaxxer.hikari.HikariConfig: healthCheckProperties...........{}
2024-07-16 20:45:46.858 DEBUG com.zaxxer.hikari.HikariConfig: healthCheckRegistry.............none
2024-07-16 20:45:46.858 DEBUG com.zaxxer.hikari.HikariConfig: idleTimeout.....................600000
2024-07-16 20:45:46.859 DEBUG com.zaxxer.hikari.HikariConfig: initializationFailTimeout.......1
2024-07-16 20:45:46.859 DEBUG com.zaxxer.hikari.HikariConfig: isolateInternalQueries..........false
2024-07-16 20:45:46.860 DEBUG com.zaxxer.hikari.HikariConfig: jdbcUrl.........................jdbc:postgresql://localhost:5432/postgres
2024-07-16 20:45:46.861 DEBUG com.zaxxer.hikari.HikariConfig: keepaliveTime...................0
2024-07-16 20:45:46.861 DEBUG com.zaxxer.hikari.HikariConfig: leakDetectionThreshold..........0
2024-07-16 20:45:46.861 DEBUG com.zaxxer.hikari.HikariConfig: maxLifetime.....................1800000
2024-07-16 20:45:46.861 DEBUG com.zaxxer.hikari.HikariConfig: maximumPoolSize.................10
2024-07-16 20:45:46.861 DEBUG com.zaxxer.hikari.HikariConfig: metricRegistry..................none
2024-07-16 20:45:46.862 DEBUG com.zaxxer.hikari.HikariConfig: metricsTrackerFactory...........none
2024-07-16 20:45:46.863 DEBUG com.zaxxer.hikari.HikariConfig: minimumIdle.....................10
2024-07-16 20:45:46.864 DEBUG com.zaxxer.hikari.HikariConfig: password........................<masked>
2024-07-16 20:45:46.864 DEBUG com.zaxxer.hikari.HikariConfig: poolName........................"HikariPool-1"
2024-07-16 20:45:46.865 DEBUG com.zaxxer.hikari.HikariConfig: readOnly........................false
2024-07-16 20:45:46.866 DEBUG com.zaxxer.hikari.HikariConfig: registerMbeans..................false
2024-07-16 20:45:46.866 DEBUG com.zaxxer.hikari.HikariConfig: scheduledExecutor...............none
2024-07-16 20:45:46.866 DEBUG com.zaxxer.hikari.HikariConfig: schema..........................none
2024-07-16 20:45:46.866 DEBUG com.zaxxer.hikari.HikariConfig: threadFactory...................internal
2024-07-16 20:45:46.866 DEBUG com.zaxxer.hikari.HikariConfig: transactionIsolation............default
2024-07-16 20:45:46.866 DEBUG com.zaxxer.hikari.HikariConfig: username........................"luckyhunter"
2024-07-16 20:45:46.866 DEBUG com.zaxxer.hikari.HikariConfig: validationTimeout...............5000
2024-07-16 20:45:46.870 INFO  com.zaxxer.hikari.HikariDataSource: HikariPool-1 - Starting...
2024-07-16 20:45:47.206 INFO  com.zaxxer.hikari.pool.HikariPool: HikariPool-1 - Added connection org.postgresql.jdbc.PgConnection@770b3be0
2024-07-16 20:45:47.208 INFO  com.zaxxer.hikari.HikariDataSource: HikariPool-1 - Start completed.
2024-07-16 20:49:34.331 DEBUG com.zaxxer.hikari.HikariConfig: Driver class org.postgresql.Driver found in Thread context class loader jdk.internal.loader.ClassLoaders$AppClassLoader@6f94fa3e
2024-07-16 20:49:34.343 DEBUG com.zaxxer.hikari.HikariConfig: HikariPool-1 - configuration:
2024-07-16 20:49:34.356 DEBUG com.zaxxer.hikari.HikariConfig: allowPoolSuspension.............false
2024-07-16 20:49:34.356 DEBUG com.zaxxer.hikari.HikariConfig: autoCommit......................true
2024-07-16 20:49:34.356 DEBUG com.zaxxer.hikari.HikariConfig: catalog.........................none
2024-07-16 20:49:34.357 DEBUG com.zaxxer.hikari.HikariConfig: connectionInitSql...............none
2024-07-16 20:49:34.357 DEBUG com.zaxxer.hikari.HikariConfig: connectionTestQuery.............none
2024-07-16 20:49:34.357 DEBUG com.zaxxer.hikari.HikariConfig: connectionTimeout...............30000
2024-07-16 20:49:34.357 DEBUG com.zaxxer.hikari.HikariConfig: dataSource......................none
2024-07-16 20:49:34.357 DEBUG com.zaxxer.hikari.HikariConfig: dataSourceClassName.............none
2024-07-16 20:49:34.357 DEBUG com.zaxxer.hikari.HikariConfig: dataSourceJNDI..................none
2024-07-16 20:49:34.358 DEBUG com.zaxxer.hikari.HikariConfig: dataSourceProperties............{password=<masked>}
2024-07-16 20:49:34.358 DEBUG com.zaxxer.hikari.HikariConfig: driverClassName................."org.postgresql.Driver"
2024-07-16 20:49:34.358 DEBUG com.zaxxer.hikari.HikariConfig: exceptionOverrideClassName......none
2024-07-16 20:49:34.359 DEBUG com.zaxxer.hikari.HikariConfig: healthCheckProperties...........{}
2024-07-16 20:49:34.359 DEBUG com.zaxxer.hikari.HikariConfig: healthCheckRegistry.............none
2024-07-16 20:49:34.359 DEBUG com.zaxxer.hikari.HikariConfig: idleTimeout.....................600000
2024-07-16 20:49:34.359 DEBUG com.zaxxer.hikari.HikariConfig: initializationFailTimeout.......1
2024-07-16 20:49:34.360 DEBUG com.zaxxer.hikari.HikariConfig: isolateInternalQueries..........false
2024-07-16 20:49:34.360 DEBUG com.zaxxer.hikari.HikariConfig: jdbcUrl.........................jdbc:postgresql://localhost:5432/postgres
2024-07-16 20:49:34.360 DEBUG com.zaxxer.hikari.HikariConfig: keepaliveTime...................0
2024-07-16 20:49:34.360 DEBUG com.zaxxer.hikari.HikariConfig: leakDetectionThreshold..........0
2024-07-16 20:49:34.360 DEBUG com.zaxxer.hikari.HikariConfig: maxLifetime.....................1800000
2024-07-16 20:49:34.360 DEBUG com.zaxxer.hikari.HikariConfig: maximumPoolSize.................10
2024-07-16 20:49:34.360 DEBUG com.zaxxer.hikari.HikariConfig: metricRegistry..................none
2024-07-16 20:49:34.361 DEBUG com.zaxxer.hikari.HikariConfig: metricsTrackerFactory...........none
2024-07-16 20:49:34.361 DEBUG com.zaxxer.hikari.HikariConfig: minimumIdle.....................10
2024-07-16 20:49:34.361 DEBUG com.zaxxer.hikari.HikariConfig: password........................<masked>
2024-07-16 20:49:34.361 DEBUG com.zaxxer.hikari.HikariConfig: poolName........................"HikariPool-1"
2024-07-16 20:49:34.361 DEBUG com.zaxxer.hikari.HikariConfig: readOnly........................false
2024-07-16 20:49:34.363 DEBUG com.zaxxer.hikari.HikariConfig: registerMbeans..................false
2024-07-16 20:49:34.363 DEBUG com.zaxxer.hikari.HikariConfig: scheduledExecutor...............none
2024-07-16 20:49:34.363 DEBUG com.zaxxer.hikari.HikariConfig: schema..........................none
2024-07-16 20:49:34.363 DEBUG com.zaxxer.hikari.HikariConfig: threadFactory...................internal
2024-07-16 20:49:34.363 DEBUG com.zaxxer.hikari.HikariConfig: transactionIsolation............default
2024-07-16 20:49:34.363 DEBUG com.zaxxer.hikari.HikariConfig: username........................"luckyhunter"
2024-07-16 20:49:34.363 DEBUG com.zaxxer.hikari.HikariConfig: validationTimeout...............5000
2024-07-16 20:49:34.369 INFO  com.zaxxer.hikari.HikariDataSource: HikariPool-1 - Starting...
2024-07-16 20:49:34.679 INFO  com.zaxxer.hikari.pool.HikariPool: HikariPool-1 - Added connection org.postgresql.jdbc.PgConnection@4a55a6e8
2024-07-16 20:49:34.681 INFO  com.zaxxer.hikari.HikariDataSource: HikariPool-1 - Start completed.
2024-07-16 20:55:45.967 DEBUG com.zaxxer.hikari.HikariConfig: Driver class org.postgresql.Driver found in Thread context class loader jdk.internal.loader.ClassLoaders$AppClassLoader@6f94fa3e
2024-07-16 20:55:45.976 DEBUG com.zaxxer.hikari.HikariConfig: HikariPool-1 - configuration:
2024-07-16 20:55:45.988 DEBUG com.zaxxer.hikari.HikariConfig: allowPoolSuspension.............false
2024-07-16 20:55:45.988 DEBUG com.zaxxer.hikari.HikariConfig: autoCommit......................true
2024-07-16 20:55:45.988 DEBUG com.zaxxer.hikari.HikariConfig: catalog.........................none
2024-07-16 20:55:45.988 DEBUG com.zaxxer.hikari.HikariConfig: connectionInitSql...............none
2024-07-16 20:55:45.989 DEBUG com.zaxxer.hikari.HikariConfig: connectionTestQuery.............none
2024-07-16 20:55:45.989 DEBUG com.zaxxer.hikari.HikariConfig: connectionTimeout...............30000
2024-07-16 20:55:45.989 DEBUG com.zaxxer.hikari.HikariConfig: dataSource......................none
2024-07-16 20:55:45.989 DEBUG com.zaxxer.hikari.HikariConfig: dataSourceClassName.............none
2024-07-16 20:55:45.989 DEBUG com.zaxxer.hikari.HikariConfig: dataSourceJNDI..................none
2024-07-16 20:55:45.990 DEBUG com.zaxxer.hikari.HikariConfig: dataSourceProperties............{password=<masked>}
2024-07-16 20:55:45.990 DEBUG com.zaxxer.hikari.HikariConfig: driverClassName................."org.postgresql.Driver"
2024-07-16 20:55:45.991 DEBUG com.zaxxer.hikari.HikariConfig: exceptionOverrideClassName......none
2024-07-16 20:55:45.991 DEBUG com.zaxxer.hikari.HikariConfig: healthCheckProperties...........{}
2024-07-16 20:55:45.991 DEBUG com.zaxxer.hikari.HikariConfig: healthCheckRegistry.............none
2024-07-16 20:55:45.991 DEBUG com.zaxxer.hikari.HikariConfig: idleTimeout.....................600000
2024-07-16 20:55:45.991 DEBUG com.zaxxer.hikari.HikariConfig: initializationFailTimeout.......1
2024-07-16 20:55:45.991 DEBUG com.zaxxer.hikari.HikariConfig: isolateInternalQueries..........false
2024-07-16 20:55:45.991 DEBUG com.zaxxer.hikari.HikariConfig: jdbcUrl.........................jdbc:postgresql://localhost:5432/postgres
2024-07-16 20:55:45.992 DEBUG com.zaxxer.hikari.HikariConfig: keepaliveTime...................0
2024-07-16 20:55:45.992 DEBUG com.zaxxer.hikari.HikariConfig: leakDetectionThreshold..........0
2024-07-16 20:55:45.992 DEBUG com.zaxxer.hikari.HikariConfig: maxLifetime.....................1800000
2024-07-16 20:55:45.992 DEBUG com.zaxxer.hikari.HikariConfig: maximumPoolSize.................10
2024-07-16 20:55:45.992 DEBUG com.zaxxer.hikari.HikariConfig: metricRegistry..................none
2024-07-16 20:55:45.993 DEBUG com.zaxxer.hikari.HikariConfig: metricsTrackerFactory...........none
2024-07-16 20:55:45.993 DEBUG com.zaxxer.hikari.HikariConfig: minimumIdle.....................10
2024-07-16 20:55:45.993 DEBUG com.zaxxer.hikari.HikariConfig: password........................<masked>
2024-07-16 20:55:45.993 DEBUG com.zaxxer.hikari.HikariConfig: poolName........................"HikariPool-1"
2024-07-16 20:55:45.994 DEBUG com.zaxxer.hikari.HikariConfig: readOnly........................false
2024-07-16 20:55:45.994 DEBUG com.zaxxer.hikari.HikariConfig: registerMbeans..................false
2024-07-16 20:55:45.995 DEBUG com.zaxxer.hikari.HikariConfig: scheduledExecutor...............none
2024-07-16 20:55:45.995 DEBUG com.zaxxer.hikari.HikariConfig: schema..........................none
2024-07-16 20:55:45.995 DEBUG com.zaxxer.hikari.HikariConfig: threadFactory...................internal
2024-07-16 20:55:45.995 DEBUG com.zaxxer.hikari.HikariConfig: transactionIsolation............default
2024-07-16 20:55:45.995 DEBUG com.zaxxer.hikari.HikariConfig: username........................"luckyhunter"
2024-07-16 20:55:45.995 DEBUG com.zaxxer.hikari.HikariConfig: validationTimeout...............5000
2024-07-16 20:55:46.000 INFO  com.zaxxer.hikari.HikariDataSource: HikariPool-1 - Starting...
2024-07-16 20:55:46.327 INFO  com.zaxxer.hikari.pool.HikariPool: HikariPool-1 - Added connection org.postgresql.jdbc.PgConnection@3c017078
2024-07-16 20:55:46.328 INFO  com.zaxxer.hikari.HikariDataSource: HikariPool-1 - Start completed.
